<?xml version="1.0" encoding="UTF-8"?>
<testsuite name="com.squarecross.photoalbum.PhotoalbumApplicationTests" tests="1" skipped="0" failures="0" errors="0" timestamp="2024-08-19T06:52:36" hostname="DESKTOP-P6SIGGR" time="1.216">
  <properties/>
  <testcase name="contextLoads()" classname="com.squarecross.photoalbum.PhotoalbumApplicationTests" time="1.216"/>
  <system-out><![CDATA[15:52:29.246 [Test worker] INFO org.springframework.test.context.support.AnnotationConfigContextLoaderUtils -- Could not detect default configuration classes for test class [com.squarecross.photoalbum.PhotoalbumApplicationTests]: PhotoalbumApplicationTests does not declare any static, non-private, non-final, nested classes annotated with @Configuration.
15:52:29.425 [Test worker] INFO org.springframework.boot.test.context.SpringBootTestContextBootstrapper -- Found @SpringBootConfiguration com.squarecross.photoalbum.PhotoalbumApplication for test class com.squarecross.photoalbum.PhotoalbumApplicationTests

  .   ____          _            __ _ _
 /\\ / ___'_ __ _ _(_)_ __  __ _ \ \ \ \
( ( )\___ | '_ | '_| | '_ \/ _` | \ \ \ \
 \\/  ___)| |_)| | | | | || (_| |  ) ) ) )
  '  |____| .__|_| |_|_| |_\__, | / / / /
 =========|_|==============|___/=/_/_/_/

 :: Spring Boot ::                (v3.3.2)

2024-08-19T15:52:30.282+09:00  INFO 15640 --- [photoalbum] [    Test worker] c.s.p.PhotoalbumApplicationTests         : Starting PhotoalbumApplicationTests using Java 17.0.6 with PID 15640 (started by hl2do in C:\Users\hl2do\Desktop\photoalbum)
2024-08-19T15:52:30.284+09:00  INFO 15640 --- [photoalbum] [    Test worker] c.s.p.PhotoalbumApplicationTests         : No active profile set, falling back to 1 default profile: "default"
2024-08-19T15:52:31.684+09:00  INFO 15640 --- [photoalbum] [    Test worker] .s.d.r.c.RepositoryConfigurationDelegate : Bootstrapping Spring Data JPA repositories in DEFAULT mode.
2024-08-19T15:52:31.730+09:00  INFO 15640 --- [photoalbum] [    Test worker] .s.d.r.c.RepositoryConfigurationDelegate : Finished Spring Data repository scanning in 28 ms. Found 0 JPA repository interfaces.
2024-08-19T15:52:32.671+09:00  INFO 15640 --- [photoalbum] [    Test worker] com.zaxxer.hikari.HikariDataSource       : HikariPool-1 - Starting...
2024-08-19T15:52:33.213+09:00  INFO 15640 --- [photoalbum] [    Test worker] com.zaxxer.hikari.pool.HikariPool        : HikariPool-1 - Added connection conn0: url=jdbc:h2:mem:3fdebccb-1f6d-4fe2-a99f-d373b92919db user=SA
2024-08-19T15:52:33.228+09:00  INFO 15640 --- [photoalbum] [    Test worker] com.zaxxer.hikari.HikariDataSource       : HikariPool-1 - Start completed.
2024-08-19T15:52:33.389+09:00  INFO 15640 --- [photoalbum] [    Test worker] o.hibernate.jpa.internal.util.LogHelper  : HHH000204: Processing PersistenceUnitInfo [name: default]
2024-08-19T15:52:33.571+09:00  INFO 15640 --- [photoalbum] [    Test worker] org.hibernate.Version                    : HHH000412: Hibernate ORM core version 6.5.2.Final
2024-08-19T15:52:33.685+09:00  INFO 15640 --- [photoalbum] [    Test worker] o.h.c.internal.RegionFactoryInitiator    : HHH000026: Second-level cache disabled
2024-08-19T15:52:34.421+09:00  INFO 15640 --- [photoalbum] [    Test worker] o.s.o.j.p.SpringPersistenceUnitInfo      : No LoadTimeWeaver setup: ignoring JPA class transformer
2024-08-19T15:52:35.170+09:00  INFO 15640 --- [photoalbum] [    Test worker] o.h.e.t.j.p.i.JtaPlatformInitiator       : HHH000489: No JTA platform available (set 'hibernate.transaction.jta.platform' to enable JTA platform integration)
2024-08-19T15:52:35.181+09:00  INFO 15640 --- [photoalbum] [    Test worker] j.LocalContainerEntityManagerFactoryBean : Initialized JPA EntityManagerFactory for persistence unit 'default'
2024-08-19T15:52:35.484+09:00  WARN 15640 --- [photoalbum] [    Test worker] JpaBaseConfiguration$JpaWebConfiguration : spring.jpa.open-in-view is enabled by default. Therefore, database queries may be performed during view rendering. Explicitly configure spring.jpa.open-in-view to disable this warning
2024-08-19T15:52:36.415+09:00  INFO 15640 --- [photoalbum] [    Test worker] c.s.p.PhotoalbumApplicationTests         : Started PhotoalbumApplicationTests in 6.64 seconds (process running for 8.77)
]]></system-out>
  <system-err><![CDATA[]]></system-err>
</testsuite>
